# Java VM: Java HotSpot(TM) 64-Bit Server VM (17.0.12+8-LTS-286, mixed mode, sharing, tiered, compressed oops, compressed class ptrs, g1 gc, windows-amd64)
GC Precious Log:
 CPUs: 4 total, 4 available
 Memory: 3998M
 Large Page Support: Disabled
 NUMA Support: Disabled
 Compressed Oops: Enabled (32-bit)
 Heap Region Size: 1M
 Heap Min Capacity: 8M
 Heap Initial Capacity: 64M
 Heap Max Capacity: 1000M
 Pre-touch: Disabled
 Parallel Workers: 4
 Concurrent Workers: 1
 Concurrent Refinement Workers: 4
 Periodic GC: Disabled
Heap:
 garbage-first heap   total 65536K, used 38400K [0x00000000c1800000, 0x0000000100000000)
  region size 1024K, 38 young (38912K), 0 survivors (0K)
 Metaspace       used 199K, committed 448K, reserved 1114112K
  class space    used 5K, committed 128K, reserved 1048576K
GC Heap History (20 events):
Event: 33.085 GC heap before
{Heap before GC invocations=9 (full 0):
 garbage-first heap   total 65536K, used 38436K [0x00000000c1800000, 0x0000000100000000)
  region size 1024K, 38 young (38912K), 1 survivors (1024K)
 Metaspace       used 195K, committed 384K, reserved 1114112K
  class space    used 4K, committed 128K, reserved 1048576K
}
Event: 33.086 GC heap after
{Heap after GC invocations=10 (full 0):
 garbage-first heap   total 65536K, used 516K [0x00000000c1800000, 0x0000000100000000)
  region size 1024K, 1 young (1024K), 1 survivors (1024K)
 Metaspace       used 195K, committed 384K, reserved 1114112K
  class space    used 4K, committed 128K, reserved 1048576K
}
Event: 36.588 GC heap before
{Heap before GC invocations=10 (full 0):
 garbage-first heap   total 65536K, used 38404K [0x00000000c1800000, 0x0000000100000000)
  region size 1024K, 38 young (38912K), 1 survivors (1024K)
 Metaspace       used 195K, committed 384K, reserved 1114112K
  class space    used 4K, committed 128K, reserved 1048576K
}
Event: 36.590 GC heap after
{Heap after GC invocations=11 (full 0):
 garbage-first heap   total 65536K, used 563K [0x00000000c1800000, 0x0000000100000000)
  region size 1024K, 1 young (1024K), 1 survivors (1024K)
 Metaspace       used 195K, committed 384K, reserved 1114112K
  class space    used 4K, committed 128K, reserved 1048576K
}
Event: 39.413 GC heap before
{Heap before GC invocations=11 (full 0):
 garbage-first heap   total 65536K, used 38451K [0x00000000c1800000, 0x0000000100000000)
  region size 1024K, 38 young (38912K), 1 survivors (1024K)
 Metaspace       used 195K, committed 384K, reserved 1114112K
  class space    used 4K, committed 128K, reserved 1048576K
}
Event: 39.415 GC heap after
{Heap after GC invocations=12 (full 0):
 garbage-first heap   total 65536K, used 549K [0x00000000c1800000, 0x0000000100000000)
  region size 1024K, 1 young (1024K), 1 survivors (1024K)
 Metaspace       used 195K, committed 384K, reserved 1114112K
  class space    used 4K, committed 128K, reserved 1048576K
}
Event: 42.967 GC heap before
{Heap before GC invocations=12 (full 0):
 garbage-first heap   total 65536K, used 38437K [0x00000000c1800000, 0x0000000100000000)
  region size 1024K, 38 young (38912K), 1 survivors (1024K)
 Metaspace       used 195K, committed 384K, reserved 1114112K
  class space    used 4K, committed 128K, reserved 1048576K
}
Event: 42.969 GC heap after
{Heap after GC invocations=13 (full 0):
 garbage-first heap   total 65536K, used 556K [0x00000000c1800000, 0x0000000100000000)
  region size 1024K, 1 young (1024K), 1 survivors (1024K)
 Metaspace       used 195K, committed 384K, reserved 1114112K
  class space    used 4K, committed 128K, reserved 1048576K
}
Event: 47.315 GC heap before
{Heap before GC invocations=13 (full 0):
 garbage-first heap   total 65536K, used 38444K [0x00000000c1800000, 0x0000000100000000)
  region size 1024K, 38 young (38912K), 1 survivors (1024K)
 Metaspace       used 195K, committed 384K, reserved 1114112K
  class space    used 4K, committed 128K, reserved 1048576K
}
Event: 47.317 GC heap after
{Heap after GC invocations=14 (full 0):
 garbage-first heap   total 65536K, used 518K [0x00000000c1800000, 0x0000000100000000)
  region size 1024K, 1 young (1024K), 1 survivors (1024K)
 Metaspace       used 195K, committed 384K, reserved 1114112K
  class space    used 4K, committed 128K, reserved 1048576K
}
Event: 50.619 GC heap before
{Heap before GC invocations=14 (full 0):
 garbage-first heap   total 65536K, used 38406K [0x00000000c1800000, 0x0000000100000000)
  region size 1024K, 38 young (38912K), 1 survivors (1024K)
 Metaspace       used 195K, committed 384K, reserved 1114112K
  class space    used 4K, committed 128K, reserved 1048576K
}
Event: 50.621 GC heap after
{Heap after GC invocations=15 (full 0):
 garbage-first heap   total 65536K, used 518K [0x00000000c1800000, 0x0000000100000000)
  region size 1024K, 1 young (1024K), 1 survivors (1024K)
 Metaspace       used 195K, committed 384K, reserved 1114112K
  class space    used 4K, committed 128K, reserved 1048576K
}
Event: 53.498 GC heap before
{Heap before GC invocations=15 (full 0):
 garbage-first heap   total 65536K, used 38406K [0x00000000c1800000, 0x0000000100000000)
  region size 1024K, 38 young (38912K), 1 survivors (1024K)
 Metaspace       used 195K, committed 384K, reserved 1114112K
  class space    used 4K, committed 128K, reserved 1048576K
}
Event: 53.500 GC heap after
{Heap after GC invocations=16 (full 0):
 garbage-first heap   total 65536K, used 512K [0x00000000c1800000, 0x0000000100000000)
  region size 1024K, 0 young (0K), 0 survivors (0K)
 Metaspace       used 195K, committed 384K, reserved 1114112K
  class space    used 4K, committed 128K, reserved 1048576K
}
Event: 56.578 GC heap before
{Heap before GC invocations=16 (full 0):
 garbage-first heap   total 65536K, used 39424K [0x00000000c1800000, 0x0000000100000000)
  region size 1024K, 38 young (38912K), 0 survivors (0K)
 Metaspace       used 195K, committed 384K, reserved 1114112K
  class space    used 4K, committed 128K, reserved 1048576K
}
Event: 56.578 GC heap after
{Heap after GC invocations=17 (full 0):
 garbage-first heap   total 65536K, used 512K [0x00000000c1800000, 0x0000000100000000)
  region size 1024K, 0 young (0K), 0 survivors (0K)
 Metaspace       used 195K, committed 384K, reserved 1114112K
  class space    used 4K, committed 128K, reserved 1048576K
}
Event: 60.274 GC heap before
{Heap before GC invocations=17 (full 0):
 garbage-first heap   total 65536K, used 39424K [0x00000000c1800000, 0x0000000100000000)
  region size 1024K, 38 young (38912K), 0 survivors (0K)
 Metaspace       used 195K, committed 384K, reserved 1114112K
  class space    used 4K, committed 128K, reserved 1048576K
}
Event: 60.275 GC heap after
{Heap after GC invocations=18 (full 0):
 garbage-first heap   total 65536K, used 512K [0x00000000c1800000, 0x0000000100000000)
  region size 1024K, 0 young (0K), 0 survivors (0K)
 Metaspace       used 195K, committed 384K, reserved 1114112K
  class space    used 4K, committed 128K, reserved 1048576K
}
Event: 63.184 GC heap before
{Heap before GC invocations=18 (full 0):
 garbage-first heap   total 65536K, used 39424K [0x00000000c1800000, 0x0000000100000000)
  region size 1024K, 38 young (38912K), 0 survivors (0K)
 Metaspace       used 195K, committed 384K, reserved 1114112K
  class space    used 4K, committed 128K, reserved 1048576K
}
Event: 63.184 GC heap after
{Heap after GC invocations=19 (full 0):
 garbage-first heap   total 65536K, used 512K [0x00000000c1800000, 0x0000000100000000)
  region size 1024K, 0 young (0K), 0 survivors (0K)
 Metaspace       used 195K, committed 384K, reserved 1114112K
  class space    used 4K, committed 128K, reserved 1048576K
}

